Sun Jun 09 16:35:11 NZST 2024 : Apache Derby Network Server - 10.14.2.0 - (1828579) started and ready to accept connections on port 1527
----------------------------------------------------------------
Sun Jun 09 16:35:33 NZST 2024:
Booting Derby version The Apache Software Foundation - Apache Derby - 10.14.2.0 - (1828579): instance a816c00e-018f-fb47-6627-00002813ecf1 
on database directory C:\Users\Ethan\Documents\NetBeansProjects\KnightGame\lib\knight with class loader jdk.internal.loader.ClassLoaders$AppClassLoader@30946e09 
Loaded from file:/C:/Users/Ethan/Documents/NetBeansProjects/KnightGame/lib/db-derby-10.14.2.0-bin/lib/derby.jar
java.vendor=Oracle Corporation
java.runtime.version=11.0.21+9-LTS-193
user.dir=C:\Users\Ethan\Documents\NetBeansProjects\KnightGame\lib\db-derby-10.14.2.0-bin
os.name=Windows 11
os.arch=amd64
os.version=10.0
derby.system.home=C:\Users\Ethan\Documents\NetBeansProjects\KnightGame\lib
Database Class Loader started - derby.database.classpath=''
----------------------------------------------------------------
Sun Jun 09 16:35:34 NZST 2024:
Shutting down instance a816c00e-018f-fb47-6627-00002813ecf1 on database directory C:\Users\Ethan\Documents\NetBeansProjects\KnightGame\lib\knight with class loader jdk.internal.loader.ClassLoaders$AppClassLoader@30946e09 
Sun Jun 09 16:35:34 NZST 2024 Thread[DRDAConnThread_3,5,main] (DATABASE = knight), (DRDAID = {2}), Database 'knight' shutdown.
----------------------------------------------------------------
Sun Jun 09 16:42:15 NZST 2024:
Booting Derby version The Apache Software Foundation - Apache Derby - 10.14.2.0 - (1828579): instance 6ede40af-018f-fb47-6627-00002813ecf1 
on database directory C:\Users\Ethan\Documents\NetBeansProjects\KnightGame\lib\knight with class loader jdk.internal.loader.ClassLoaders$AppClassLoader@30946e09 
Loaded from file:/C:/Users/Ethan/Documents/NetBeansProjects/KnightGame/lib/db-derby-10.14.2.0-bin/lib/derby.jar
java.vendor=Oracle Corporation
java.runtime.version=11.0.21+9-LTS-193
user.dir=C:\Users\Ethan\Documents\NetBeansProjects\KnightGame\lib\db-derby-10.14.2.0-bin
os.name=Windows 11
os.arch=amd64
os.version=10.0
derby.system.home=C:\Users\Ethan\Documents\NetBeansProjects\KnightGame\lib
Database Class Loader started - derby.database.classpath=''
----------------------------------------------------------------
Sun Jun 09 16:42:40 NZST 2024:
Shutting down instance 6ede40af-018f-fb47-6627-00002813ecf1 on database directory C:\Users\Ethan\Documents\NetBeansProjects\KnightGame\lib\knight with class loader jdk.internal.loader.ClassLoaders$AppClassLoader@30946e09 
Sun Jun 09 16:42:40 NZST 2024 Thread[DRDAConnThread_3,5,main] (DATABASE = knight), (DRDAID = {4}), Database 'knight' shutdown.
----------------------------------------------------------------
Sun Jun 09 16:42:49 NZST 2024:
Booting Derby version The Apache Software Foundation - Apache Derby - 10.14.2.0 - (1828579): instance bc9ec0ce-018f-fb47-6627-00002813ecf1 
on database directory C:\Users\Ethan\Documents\NetBeansProjects\KnightGame\lib\knightGame with class loader jdk.internal.loader.ClassLoaders$AppClassLoader@30946e09 
Loaded from file:/C:/Users/Ethan/Documents/NetBeansProjects/KnightGame/lib/db-derby-10.14.2.0-bin/lib/derby.jar
java.vendor=Oracle Corporation
java.runtime.version=11.0.21+9-LTS-193
user.dir=C:\Users\Ethan\Documents\NetBeansProjects\KnightGame\lib\db-derby-10.14.2.0-bin
os.name=Windows 11
os.arch=amd64
os.version=10.0
derby.system.home=C:\Users\Ethan\Documents\NetBeansProjects\KnightGame\lib
Database Class Loader started - derby.database.classpath=''
----------------------------------------------------------------
Sun Jun 09 17:23:56 NZST 2024: Shutting down Derby engine
----------------------------------------------------------------
Sun Jun 09 17:23:56 NZST 2024:
Shutting down instance bc9ec0ce-018f-fb47-6627-00002813ecf1 on database directory C:\Users\Ethan\Documents\NetBeansProjects\KnightGame\lib\knightGame with class loader jdk.internal.loader.ClassLoaders$AppClassLoader@30946e09 
----------------------------------------------------------------
